卵巣腫瘍&url=http://ja.dbpedia.org/resource/%E5%8D%B5%E5%B7%A3%E8%85%AB%E7%98%8D&groups=病気
皮膚がん&url=http://ja.dbpedia.org/resource/%E7%9A%AE%E8%86%9A%E3%81%8C%E3%82%93&groups=病気
精巣腫瘍&url=http://ja.dbpedia.org/resource/%E7%B2%BE%E5%B7%A3%E8%85%AB%E7%98%8D&groups=病気
乳癌&url=http://ja.dbpedia.org/resource/%E4%B9%B3%E7%99%8C&groups=病気
虫垂癌&url=http://ja.dbpedia.org/resource/%E8%99%AB%E5%9E%82%E7%99%8C&groups=病気
膀胱癌&url=http://ja.dbpedia.org/resource/%E8%86%80%E8%83%B1%E7%99%8C&groups=病気
子宮頸癌&url=http://ja.dbpedia.org/resource/%E5%AD%90%E5%AE%AE%E9%A0%B8%E7%99%8C&groups=病気
大腸癌&url=http://ja.dbpedia.org/resource/%E5%A4%A7%E8%85%B8%E7%99%8C&groups=病気
食道癌&url=http://ja.dbpedia.org/resource/%E9%A3%9F%E9%81%93%E7%99%8C&groups=病気
頭頸部癌&url=http://ja.dbpedia.org/resource/%E9%A0%AD%E9%A0%B8%E9%83%A8%E7%99%8C&groups=病気
腎臓がん&url=http://ja.dbpedia.org/resource/%E8%85%8E%E8%87%93%E3%81%8C%E3%82%93&groups=病気
前立腺癌&url=http://ja.dbpedia.org/resource/%E5%89%8D%E7%AB%8B%E8%85%BA%E7%99%8C&groups=病気
唾液腺腫瘍&url=http://ja.dbpedia.org/resource/%E5%94%BE%E6%B6%B2%E8%85%BA%E8%85%AB%E7%98%8D&groups=病気
胃癌&url=http://ja.dbpedia.org/resource/%E8%83%83%E7%99%8C&groups=病気
甲状腺癌&url=http://ja.dbpedia.org/resource/%E7%94%B2%E7%8A%B6%E8%85%BA%E7%99%8C&groups=病気
尿膜管癌&url=http://ja.dbpedia.org/resource/%E5%B0%BF%E8%86%9C%E7%AE%A1%E7%99%8C&groups=病気
膵癌&url=http://ja.dbpedia.org/resource/%E8%86%B5%E7%99%8C&groups=病気
喉頭癌&url=http://ja.dbpedia.org/resource/%E5%96%89%E9%A0%AD%E7%99%8C&groups=病気
口腔癌&url=http://ja.dbpedia.org/resource/%E5%8F%A3%E8%85%94%E7%99%8C&groups=病気
遺伝性非ポリポーシス大腸癌&url=http://ja.dbpedia.org/resource/%E9%81%BA%E4%BC%9D%E6%80%A7%E9%9D%9E%E3%83%9D%E3%83%AA%E3%83%9D%E3%83%BC%E3%82%B7%E3%82%B9%E5%A4%A7%E8%85%B8%E7%99%8C&groups=病気
炎症性乳癌&url=http://ja.dbpedia.org/resource/%E7%82%8E%E7%97%87%E6%80%A7%E4%B9%B3%E7%99%8C&groups=病気
悪性腫瘍&url=http://ja.dbpedia.org/resource/%E6%82%AA%E6%80%A7%E8%85%AB%E7%98%8D&groups=病気
肺癌&url=http://ja.dbpedia.org/resource/%E8%82%BA%E7%99%8C&groups=病気
